e:\vscode\se050provisioning\x64\release\vc143.pdb
e:\vscode\se050provisioning\x64\release\des.obj
e:\vscode\se050provisioning\x64\release\debug.obj
e:\vscode\se050provisioning\x64\release\ctr_drbg.obj
e:\vscode\se050provisioning\x64\release\cmac.obj
e:\vscode\se050provisioning\x64\release\cipher_wrap.obj
e:\vscode\se050provisioning\x64\release\cipher.obj
e:\vscode\se050provisioning\x64\release\chachapoly.obj
e:\vscode\se050provisioning\x64\release\chacha20.obj
e:\vscode\se050provisioning\x64\release\certs.obj
e:\vscode\se050provisioning\x64\release\ccm.obj
e:\vscode\se050provisioning\x64\release\camellia.obj
e:\vscode\se050provisioning\x64\release\blowfish.obj
e:\vscode\se050provisioning\x64\release\bignum.obj
e:\vscode\se050provisioning\x64\release\base64.obj
e:\vscode\se050provisioning\x64\release\asn1write.obj
e:\vscode\se050provisioning\x64\release\asn1parse.obj
e:\vscode\se050provisioning\x64\release\aria.obj
e:\vscode\se050provisioning\x64\release\arc4.obj
e:\vscode\se050provisioning\x64\release\aesni.obj
e:\vscode\se050provisioning\x64\release\aes.obj
e:\vscode\se050provisioning\x64\release\nist_kw.obj
e:\vscode\se050provisioning\x64\release\net_sockets.obj
e:\vscode\se050provisioning\x64\release\memory_buffer_alloc.obj
e:\vscode\se050provisioning\x64\release\md5.obj
e:\vscode\se050provisioning\x64\release\md4.obj
e:\vscode\se050provisioning\x64\release\md2.obj
e:\vscode\se050provisioning\x64\release\md.obj
e:\vscode\se050provisioning\x64\release\hmac_drbg.obj
e:\vscode\se050provisioning\x64\release\hkdf.obj
e:\vscode\se050provisioning\x64\release\havege.obj
e:\vscode\se050provisioning\x64\release\gcm.obj
e:\vscode\se050provisioning\x64\release\error.obj
e:\vscode\se050provisioning\x64\release\entropy_poll.obj
e:\vscode\se050provisioning\x64\release\entropy.obj
e:\vscode\se050provisioning\x64\release\ecp_curves.obj
e:\vscode\se050provisioning\x64\release\ecp.obj
e:\vscode\se050provisioning\x64\release\ecjpake.obj
e:\vscode\se050provisioning\x64\release\ecdsa.obj
e:\vscode\se050provisioning\x64\release\ecdh.obj
e:\vscode\se050provisioning\x64\release\dhm.obj
e:\vscode\se050provisioning\x64\release\sha512.obj
e:\vscode\se050provisioning\x64\release\sha256.obj
e:\vscode\se050provisioning\x64\release\sha1.obj
e:\vscode\se050provisioning\x64\release\rsa_internal.obj
e:\vscode\se050provisioning\x64\release\rsa.obj
e:\vscode\se050provisioning\x64\release\ripemd160.obj
e:\vscode\se050provisioning\x64\release\psa_its_file.obj
e:\vscode\se050provisioning\x64\release\poly1305.obj
e:\vscode\se050provisioning\x64\release\platform_util.obj
e:\vscode\se050provisioning\x64\release\platform.obj
e:\vscode\se050provisioning\x64\release\pk_wrap.obj
e:\vscode\se050provisioning\x64\release\pkwrite.obj
e:\vscode\se050provisioning\x64\release\pkparse.obj
e:\vscode\se050provisioning\x64\release\pkcs5.obj
e:\vscode\se050provisioning\x64\release\pkcs12.obj
e:\vscode\se050provisioning\x64\release\pkcs11.obj
e:\vscode\se050provisioning\x64\release\pk.obj
e:\vscode\se050provisioning\x64\release\pem.obj
e:\vscode\se050provisioning\x64\release\padlock.obj
e:\vscode\se050provisioning\x64\release\oid.obj
e:\vscode\se050provisioning\x64\release\x509_csr.obj
e:\vscode\se050provisioning\x64\release\x509_crt.obj
e:\vscode\se050provisioning\x64\release\x509_crl.obj
e:\vscode\se050provisioning\x64\release\x509_create.obj
e:\vscode\se050provisioning\x64\release\x509write_csr.obj
e:\vscode\se050provisioning\x64\release\x509write_crt.obj
e:\vscode\se050provisioning\x64\release\x509.obj
e:\vscode\se050provisioning\x64\release\version_features.obj
e:\vscode\se050provisioning\x64\release\version.obj
e:\vscode\se050provisioning\x64\release\timing.obj
e:\vscode\se050provisioning\x64\release\threading.obj
e:\vscode\se050provisioning\x64\release\ssl_tls13_keys.obj
e:\vscode\se050provisioning\x64\release\ssl_tls.obj
e:\vscode\se050provisioning\x64\release\ssl_ticket.obj
e:\vscode\se050provisioning\x64\release\ssl_srv.obj
e:\vscode\se050provisioning\x64\release\ssl_msg.obj
e:\vscode\se050provisioning\x64\release\ssl_cookie.obj
e:\vscode\se050provisioning\x64\release\ssl_cli.obj
e:\vscode\se050provisioning\x64\release\ssl_ciphersuites.obj
e:\vscode\se050provisioning\x64\release\ssl_cache.obj
e:\vscode\se050provisioning\x64\release\se05x_apdu.obj
e:\vscode\se050provisioning\x64\release\se05x_tlv.obj
e:\vscode\se050provisioning\x64\release\se05x_mw.obj
e:\vscode\se050provisioning\x64\release\se05x_ecc_curves.obj
e:\vscode\se050provisioning\x64\release\sm_timer.obj
e:\vscode\se050provisioning\x64\release\phnxpese_api.obj
e:\vscode\se050provisioning\x64\release\phnxpeseproto7816_3.obj
e:\vscode\se050provisioning\x64\release\phnxpesepal_i2c.obj
e:\vscode\se050provisioning\x64\release\smcomt1oi2c.obj
e:\vscode\se050provisioning\x64\release\smcom.obj
e:\vscode\se050provisioning\x64\release\nxscp03_com.obj
e:\vscode\se050provisioning\x64\release\nxlog.obj
e:\vscode\se050provisioning\x64\release\sm_printf.obj
e:\vscode\se050provisioning\x64\release\sm_errors.obj
e:\vscode\se050provisioning\x64\release\sm_connect.obj
e:\vscode\se050provisioning\x64\release\sm_app_boot.obj
e:\vscode\se050provisioning\x64\release\sm_apdu.obj
e:\vscode\se050provisioning\x64\release\global_platf.obj
e:\vscode\se050provisioning\x64\release\cm_commands.obj
e:\vscode\se050provisioning\x64\release\xtea.obj
e:\vscode\se050provisioning\x64\release\fsl_sss_se05x_policy.obj
e:\vscode\se050provisioning\x64\release\fsl_sss_se05x_mw.obj
e:\vscode\se050provisioning\x64\release\fsl_sss_se05x_eckey.obj
e:\vscode\se050provisioning\x64\release\fsl_sss_se05x_apis.obj
e:\vscode\se050provisioning\x64\release\fsl_sss_openssl_apis.obj
e:\vscode\se050provisioning\x64\release\fsl_sss_mbedtls_apis.obj
e:\vscode\se050provisioning\x64\release\keystore_pc.obj
e:\vscode\se050provisioning\x64\release\keystore_openssl.obj
e:\vscode\se050provisioning\x64\release\keystore_cmn.obj
e:\vscode\se050provisioning\x64\release\fsl_sss_util_rsa_sign_utils.obj
e:\vscode\se050provisioning\x64\release\fsl_sss_util_asn1_der.obj
e:\vscode\se050provisioning\x64\release\fsl_sss_apis.obj
e:\vscode\se050provisioning\x64\release\ex_sss_se_auth.obj
e:\vscode\se050provisioning\x64\release\ex_sss_se05x_auth.obj
e:\vscode\se050provisioning\x64\release\ex_sss_se05x.obj
e:\vscode\se050provisioning\x64\release\ex_sss_se.obj
e:\vscode\se050provisioning\x64\release\ex_sss_scp03_auth.obj
e:\vscode\se050provisioning\x64\release\ex_sss_boot_connectstring.obj
e:\vscode\se050provisioning\x64\release\ex_sss_boot.obj
e:\vscode\se050provisioning\x64\release\se05x_perso_api.obj
e:\vscode\se050provisioning\x64\release\se050key.obj
e:\vscode\se050provisioning\x64\release\pkcs11_mbedtls_utils.obj
e:\vscode\se050provisioning\x64\release\fsl_sss_se05x_scp03.obj
e:\vscode\se050provisioning\x64\release\i2c_a7.obj
e:\vscode\se050provisioning\build\x64\se050provisioning.exe
e:\vscode\se050provisioning\x64\release\se050provisioning.ipdb
e:\vscode\se050provisioning\build\x64\se050provisioning.pdb
e:\vscode\se050provisioning\x64\release\se050provisioning.iobj
e:\vscode\se050provisioning\x64\release\se050pro.348e0e70.tlog\cl.command.1.tlog
e:\vscode\se050provisioning\x64\release\se050pro.348e0e70.tlog\cl.items.tlog
e:\vscode\se050provisioning\x64\release\se050pro.348e0e70.tlog\cl.read.1.tlog
e:\vscode\se050provisioning\x64\release\se050pro.348e0e70.tlog\cl.write.1.tlog
e:\vscode\se050provisioning\x64\release\se050pro.348e0e70.tlog\link.command.1.tlog
e:\vscode\se050provisioning\x64\release\se050pro.348e0e70.tlog\link.read.1.tlog
e:\vscode\se050provisioning\x64\release\se050pro.348e0e70.tlog\link.write.1.tlog
